Flow report for PBL-SD-2
Mon Oct 22 14:37:08 2018
Quartus II 64-Bit Version 13.1.0 Build 162 10/23/2013 SJ Web Edition


---------------------
; Table of Contents ;
---------------------
  1. Legal Notice
  2. Flow Summary
  3. Flow Settings
  4. Flow Non-Default Global Settings
  5. Flow Elapsed Time
  6. Flow OS Summary
  7. Flow Log
  8. Flow Messages
  9. Flow Suppressed Messages



----------------
; Legal Notice ;
----------------
Copyright (C) 1991-2013 Altera Corporation
Your use of Altera Corporation's design tools, logic functions 
and other software and tools, and its AMPP partner logic 
functions, and any output files from any of the foregoing 
(including device programming or simulation files), and any 
associated documentation or information are expressly subject 
to the terms and conditions of the Altera Program License 
Subscription Agreement, Altera MegaCore Function License 
Agreement, or other applicable license agreement, including, 
without limitation, that your use is for the sole purpose of 
programming logic devices manufactured by Altera and sold by 
Altera or its authorized distributors.  Please refer to the 
applicable agreement for further details.



+---------------------------------------------------------------------------------+
; Flow Summary                                                                    ;
+------------------------------------+--------------------------------------------+
; Flow Status                        ; Successful - Mon Oct 22 14:36:52 2018      ;
; Quartus II 64-Bit Version          ; 13.1.0 Build 162 10/23/2013 SJ Web Edition ;
; Revision Name                      ; PBL-SD-2                                   ;
; Top-level Entity Name              ; Nios                                       ;
; Family                             ; Cyclone IV E                               ;
; Device                             ; EP4CE30F23C7                               ;
; Timing Models                      ; Final                                      ;
; Total logic elements               ; 6,556 / 28,848 ( 23 % )                    ;
;     Total combinational functions  ; 4,940 / 28,848 ( 17 % )                    ;
;     Dedicated logic registers      ; 4,629 / 28,848 ( 16 % )                    ;
; Total registers                    ; 4629                                       ;
; Total pins                         ; 93 / 329 ( 28 % )                          ;
; Total virtual pins                 ; 0                                          ;
; Total memory bits                  ; 314,304 / 608,256 ( 52 % )                 ;
; Embedded Multiplier 9-bit elements ; 0 / 132 ( 0 % )                            ;
; Total PLLs                         ; 0 / 4 ( 0 % )                              ;
+------------------------------------+--------------------------------------------+


+-----------------------------------------+
; Flow Settings                           ;
+-------------------+---------------------+
; Option            ; Setting             ;
+-------------------+---------------------+
; Start date & time ; 10/22/2018 14:33:56 ;
; Main task         ; Compilation         ;
; Revision Name     ; PBL-SD-2            ;
+-------------------+---------------------+


+--------------------------------------------------------------------------------------------------------------------------------------------------------------------------------+
; Flow Non-Default Global Settings                                                                                                                                               ;
+-------------------------------------+--------------------------------------------------------+---------------+----------------------------------------------------+------------+
; Assignment Name                     ; Value                                                  ; Default Value ; Entity Name                                        ; Section Id ;
+-------------------------------------+--------------------------------------------------------+---------------+----------------------------------------------------+------------+
; COMPILER_SIGNATURE_ID               ; 229335795667846.154022963509108                        ; --            ; --                                                 ; --         ;
; IP_TOOL_ENV                         ; Qsys                                                   ; --            ; Nios                                               ; --         ;
; IP_TOOL_ENV                         ; Qsys                                                   ; --            ; Nios_Jtag                                          ; --         ;
; IP_TOOL_ENV                         ; Qsys                                                   ; --            ; Nios_Nios                                          ; --         ;
; IP_TOOL_ENV                         ; Qsys                                                   ; --            ; Nios_Nios_custom_instruction_master_multi_xconnect ; --         ;
; IP_TOOL_ENV                         ; Qsys                                                   ; --            ; Nios_avalon_st_adapter                             ; --         ;
; IP_TOOL_ENV                         ; Qsys                                                   ; --            ; Nios_avalon_st_adapter_error_adapter_0             ; --         ;
; IP_TOOL_ENV                         ; Qsys                                                   ; --            ; Nios_avalon_st_adapter_timing_adapter_0            ; --         ;
; IP_TOOL_ENV                         ; Qsys                                                   ; --            ; Nios_dip_0                                         ; --         ;
; IP_TOOL_ENV                         ; Qsys                                                   ; --            ; Nios_eth_tse_0                                     ; --         ;
; IP_TOOL_ENV                         ; Qsys                                                   ; --            ; Nios_irq_mapper                                    ; --         ;
; IP_TOOL_ENV                         ; Qsys                                                   ; --            ; Nios_led_1                                         ; --         ;
; IP_TOOL_ENV                         ; Qsys                                                   ; --            ; Nios_memory                                        ; --         ;
; IP_TOOL_ENV                         ; Qsys                                                   ; --            ; Nios_mm_interconnect_0                             ; --         ;
; IP_TOOL_ENV                         ; Qsys                                                   ; --            ; Nios_mm_interconnect_0_addr_router                 ; --         ;
; IP_TOOL_ENV                         ; Qsys                                                   ; --            ; Nios_mm_interconnect_0_addr_router_001             ; --         ;
; IP_TOOL_ENV                         ; Qsys                                                   ; --            ; Nios_mm_interconnect_0_cmd_xbar_demux              ; --         ;
; IP_TOOL_ENV                         ; Qsys                                                   ; --            ; Nios_mm_interconnect_0_cmd_xbar_demux_001          ; --         ;
; IP_TOOL_ENV                         ; Qsys                                                   ; --            ; Nios_mm_interconnect_0_cmd_xbar_mux                ; --         ;
; IP_TOOL_ENV                         ; Qsys                                                   ; --            ; Nios_mm_interconnect_0_cmd_xbar_mux_002            ; --         ;
; IP_TOOL_ENV                         ; Qsys                                                   ; --            ; Nios_mm_interconnect_0_id_router                   ; --         ;
; IP_TOOL_ENV                         ; Qsys                                                   ; --            ; Nios_mm_interconnect_0_id_router_002               ; --         ;
; IP_TOOL_ENV                         ; Qsys                                                   ; --            ; Nios_mm_interconnect_0_rsp_xbar_demux_002          ; --         ;
; IP_TOOL_ENV                         ; Qsys                                                   ; --            ; Nios_mm_interconnect_0_rsp_xbar_mux                ; --         ;
; IP_TOOL_ENV                         ; Qsys                                                   ; --            ; Nios_mm_interconnect_0_rsp_xbar_mux_001            ; --         ;
; IP_TOOL_ENV                         ; Qsys                                                   ; --            ; Nios_pushbutton_2                                  ; --         ;
; IP_TOOL_ENV                         ; Qsys                                                   ; --            ; altera_avalon_sc_fifo                              ; --         ;
; IP_TOOL_ENV                         ; Qsys                                                   ; --            ; altera_customins_master_translator                 ; --         ;
; IP_TOOL_ENV                         ; Qsys                                                   ; --            ; altera_customins_slave_translator                  ; --         ;
; IP_TOOL_ENV                         ; Qsys                                                   ; --            ; altera_eth_tse_mac                                 ; --         ;
; IP_TOOL_ENV                         ; Qsys                                                   ; --            ; altera_merlin_master_agent                         ; --         ;
; IP_TOOL_ENV                         ; Qsys                                                   ; --            ; altera_merlin_master_translator                    ; --         ;
; IP_TOOL_ENV                         ; Qsys                                                   ; --            ; altera_merlin_slave_agent                          ; --         ;
; IP_TOOL_ENV                         ; Qsys                                                   ; --            ; altera_merlin_slave_translator                     ; --         ;
; IP_TOOL_ENV                         ; Qsys                                                   ; --            ; altera_reset_controller                            ; --         ;
; IP_TOOL_NAME                        ; Qsys                                                   ; --            ; Nios                                               ; --         ;
; IP_TOOL_NAME                        ; altera_avalon_jtag_uart                                ; --            ; Nios_Jtag                                          ; --         ;
; IP_TOOL_NAME                        ; altera_nios2_qsys                                      ; --            ; Nios_Nios                                          ; --         ;
; IP_TOOL_NAME                        ; altera_customins_xconnect                              ; --            ; Nios_Nios_custom_instruction_master_multi_xconnect ; --         ;
; IP_TOOL_NAME                        ; altera_avalon_st_adapter                               ; --            ; Nios_avalon_st_adapter                             ; --         ;
; IP_TOOL_NAME                        ; error_adapter                                          ; --            ; Nios_avalon_st_adapter_error_adapter_0             ; --         ;
; IP_TOOL_NAME                        ; timing_adapter                                         ; --            ; Nios_avalon_st_adapter_timing_adapter_0            ; --         ;
; IP_TOOL_NAME                        ; altera_avalon_pio                                      ; --            ; Nios_dip_0                                         ; --         ;
; IP_TOOL_NAME                        ; altera_eth_tse                                         ; --            ; Nios_eth_tse_0                                     ; --         ;
; IP_TOOL_NAME                        ; altera_irq_mapper                                      ; --            ; Nios_irq_mapper                                    ; --         ;
; IP_TOOL_NAME                        ; altera_avalon_pio                                      ; --            ; Nios_led_1                                         ; --         ;
; IP_TOOL_NAME                        ; altera_avalon_onchip_memory2                           ; --            ; Nios_memory                                        ; --         ;
; IP_TOOL_NAME                        ; altera_merlin_interconnect_wrapper                     ; --            ; Nios_mm_interconnect_0                             ; --         ;
; IP_TOOL_NAME                        ; altera_merlin_router                                   ; --            ; Nios_mm_interconnect_0_addr_router                 ; --         ;
; IP_TOOL_NAME                        ; altera_merlin_router                                   ; --            ; Nios_mm_interconnect_0_addr_router_001             ; --         ;
; IP_TOOL_NAME                        ; altera_merlin_demultiplexer                            ; --            ; Nios_mm_interconnect_0_cmd_xbar_demux              ; --         ;
; IP_TOOL_NAME                        ; altera_merlin_demultiplexer                            ; --            ; Nios_mm_interconnect_0_cmd_xbar_demux_001          ; --         ;
; IP_TOOL_NAME                        ; altera_merlin_multiplexer                              ; --            ; Nios_mm_interconnect_0_cmd_xbar_mux                ; --         ;
; IP_TOOL_NAME                        ; altera_merlin_multiplexer                              ; --            ; Nios_mm_interconnect_0_cmd_xbar_mux_002            ; --         ;
; IP_TOOL_NAME                        ; altera_merlin_router                                   ; --            ; Nios_mm_interconnect_0_id_router                   ; --         ;
; IP_TOOL_NAME                        ; altera_merlin_router                                   ; --            ; Nios_mm_interconnect_0_id_router_002               ; --         ;
; IP_TOOL_NAME                        ; altera_merlin_demultiplexer                            ; --            ; Nios_mm_interconnect_0_rsp_xbar_demux_002          ; --         ;
; IP_TOOL_NAME                        ; altera_merlin_multiplexer                              ; --            ; Nios_mm_interconnect_0_rsp_xbar_mux                ; --         ;
; IP_TOOL_NAME                        ; altera_merlin_multiplexer                              ; --            ; Nios_mm_interconnect_0_rsp_xbar_mux_001            ; --         ;
; IP_TOOL_NAME                        ; altera_avalon_pio                                      ; --            ; Nios_pushbutton_2                                  ; --         ;
; IP_TOOL_NAME                        ; altera_avalon_sc_fifo                                  ; --            ; altera_avalon_sc_fifo                              ; --         ;
; IP_TOOL_NAME                        ; altera_customins_master_translator                     ; --            ; altera_customins_master_translator                 ; --         ;
; IP_TOOL_NAME                        ; altera_customins_slave_translator                      ; --            ; altera_customins_slave_translator                  ; --         ;
; IP_TOOL_NAME                        ; altera_eth_tse_mac                                     ; --            ; altera_eth_tse_mac                                 ; --         ;
; IP_TOOL_NAME                        ; altera_merlin_master_agent                             ; --            ; altera_merlin_master_agent                         ; --         ;
; IP_TOOL_NAME                        ; altera_merlin_master_translator                        ; --            ; altera_merlin_master_translator                    ; --         ;
; IP_TOOL_NAME                        ; altera_merlin_slave_agent                              ; --            ; altera_merlin_slave_agent                          ; --         ;
; IP_TOOL_NAME                        ; altera_merlin_slave_translator                         ; --            ; altera_merlin_slave_translator                     ; --         ;
; IP_TOOL_NAME                        ; altera_reset_controller                                ; --            ; altera_reset_controller                            ; --         ;
; IP_TOOL_VERSION                     ; 13.1                                                   ; --            ; Nios                                               ; --         ;
; IP_TOOL_VERSION                     ; 13.1                                                   ; --            ; Nios_Jtag                                          ; --         ;
; IP_TOOL_VERSION                     ; 13.1                                                   ; --            ; Nios_Nios                                          ; --         ;
; IP_TOOL_VERSION                     ; 13.1                                                   ; --            ; Nios_Nios_custom_instruction_master_multi_xconnect ; --         ;
; IP_TOOL_VERSION                     ; 13.1                                                   ; --            ; Nios_avalon_st_adapter                             ; --         ;
; IP_TOOL_VERSION                     ; 13.1                                                   ; --            ; Nios_avalon_st_adapter_error_adapter_0             ; --         ;
; IP_TOOL_VERSION                     ; 13.1                                                   ; --            ; Nios_avalon_st_adapter_timing_adapter_0            ; --         ;
; IP_TOOL_VERSION                     ; 13.1                                                   ; --            ; Nios_dip_0                                         ; --         ;
; IP_TOOL_VERSION                     ; 13.1                                                   ; --            ; Nios_eth_tse_0                                     ; --         ;
; IP_TOOL_VERSION                     ; 13.1                                                   ; --            ; Nios_irq_mapper                                    ; --         ;
; IP_TOOL_VERSION                     ; 13.1                                                   ; --            ; Nios_led_1                                         ; --         ;
; IP_TOOL_VERSION                     ; 13.1                                                   ; --            ; Nios_memory                                        ; --         ;
; IP_TOOL_VERSION                     ; 13.1                                                   ; --            ; Nios_mm_interconnect_0                             ; --         ;
; IP_TOOL_VERSION                     ; 13.1                                                   ; --            ; Nios_mm_interconnect_0_addr_router                 ; --         ;
; IP_TOOL_VERSION                     ; 13.1                                                   ; --            ; Nios_mm_interconnect_0_addr_router_001             ; --         ;
; IP_TOOL_VERSION                     ; 13.1                                                   ; --            ; Nios_mm_interconnect_0_cmd_xbar_demux              ; --         ;
; IP_TOOL_VERSION                     ; 13.1                                                   ; --            ; Nios_mm_interconnect_0_cmd_xbar_demux_001          ; --         ;
; IP_TOOL_VERSION                     ; 13.1                                                   ; --            ; Nios_mm_interconnect_0_cmd_xbar_mux                ; --         ;
; IP_TOOL_VERSION                     ; 13.1                                                   ; --            ; Nios_mm_interconnect_0_cmd_xbar_mux_002            ; --         ;
; IP_TOOL_VERSION                     ; 13.1                                                   ; --            ; Nios_mm_interconnect_0_id_router                   ; --         ;
; IP_TOOL_VERSION                     ; 13.1                                                   ; --            ; Nios_mm_interconnect_0_id_router_002               ; --         ;
; IP_TOOL_VERSION                     ; 13.1                                                   ; --            ; Nios_mm_interconnect_0_rsp_xbar_demux_002          ; --         ;
; IP_TOOL_VERSION                     ; 13.1                                                   ; --            ; Nios_mm_interconnect_0_rsp_xbar_mux                ; --         ;
; IP_TOOL_VERSION                     ; 13.1                                                   ; --            ; Nios_mm_interconnect_0_rsp_xbar_mux_001            ; --         ;
; IP_TOOL_VERSION                     ; 13.1                                                   ; --            ; Nios_pushbutton_2                                  ; --         ;
; IP_TOOL_VERSION                     ; 13.1                                                   ; --            ; altera_avalon_sc_fifo                              ; --         ;
; IP_TOOL_VERSION                     ; 13.1                                                   ; --            ; altera_customins_master_translator                 ; --         ;
; IP_TOOL_VERSION                     ; 13.1                                                   ; --            ; altera_customins_slave_translator                  ; --         ;
; IP_TOOL_VERSION                     ; 13.1                                                   ; --            ; altera_eth_tse_mac                                 ; --         ;
; IP_TOOL_VERSION                     ; 13.1                                                   ; --            ; altera_merlin_master_agent                         ; --         ;
; IP_TOOL_VERSION                     ; 13.1                                                   ; --            ; altera_merlin_master_translator                    ; --         ;
; IP_TOOL_VERSION                     ; 13.1                                                   ; --            ; altera_merlin_slave_agent                          ; --         ;
; IP_TOOL_VERSION                     ; 13.1                                                   ; --            ; altera_merlin_slave_translator                     ; --         ;
; IP_TOOL_VERSION                     ; 13.1                                                   ; --            ; altera_reset_controller                            ; --         ;
; MAX_CORE_JUNCTION_TEMP              ; 85                                                     ; --            ; --                                                 ; --         ;
; MIN_CORE_JUNCTION_TEMP              ; 0                                                      ; --            ; --                                                 ; --         ;
; MISC_FILE                           ; Nios/synthesis/../../Nios.cmp                          ; --            ; --                                                 ; --         ;
; MISC_FILE                           ; Nios/synthesis/../../Nios.qsys                         ; --            ; --                                                 ; --         ;
; NOMINAL_CORE_SUPPLY_VOLTAGE         ; 1.2V                                                   ; --            ; --                                                 ; --         ;
; PARTITION_COLOR                     ; 16764057                                               ; --            ; Nios                                               ; Top        ;
; PARTITION_FITTER_PRESERVATION_LEVEL ; PLACEMENT_AND_ROUTING                                  ; --            ; Nios                                               ; Top        ;
; PARTITION_NETLIST_TYPE              ; SOURCE                                                 ; --            ; Nios                                               ; Top        ;
; POWER_BOARD_THERMAL_MODEL           ; None (CONSERVATIVE)                                    ; --            ; --                                                 ; --         ;
; POWER_PRESET_COOLING_SOLUTION       ; 23 MM HEAT SINK WITH 200 LFPM AIRFLOW                  ; --            ; --                                                 ; --         ;
; PROJECT_OUTPUT_DIRECTORY            ; output_files                                           ; --            ; --                                                 ; --         ;
; SLD_FILE                            ; Nios/synthesis/Nios.regmap                             ; --            ; --                                                 ; --         ;
; SLD_FILE                            ; Nios/synthesis/Nios.debuginfo                          ; --            ; --                                                 ; --         ;
; SLD_INFO                            ; QSYS_NAME Nios HAS_SOPCINFO 1 GENERATION_ID 1540229332 ; --            ; Nios                                               ; --         ;
; SOPCINFO_FILE                       ; Nios/synthesis/../../Nios.sopcinfo                     ; --            ; --                                                 ; --         ;
; SYNTHESIS_ONLY_QIP                  ; On                                                     ; --            ; --                                                 ; --         ;
; TOP_LEVEL_ENTITY                    ; Nios                                                   ; PBL-SD-2      ; --                                                 ; --         ;
+-------------------------------------+--------------------------------------------------------+---------------+----------------------------------------------------+------------+


+-------------------------------------------------------------------------------------------------------------------------------+
; Flow Elapsed Time                                                                                                             ;
+---------------------------+--------------+-------------------------+---------------------+------------------------------------+
; Module Name               ; Elapsed Time ; Average Processors Used ; Peak Virtual Memory ; Total CPU Time (on all processors) ;
+---------------------------+--------------+-------------------------+---------------------+------------------------------------+
; Analysis & Synthesis      ; 00:01:25     ; 1.0                     ; 4869 MB             ; 00:00:59                           ;
; Fitter                    ; 00:01:07     ; 1.0                     ; 5167 MB             ; 00:00:53                           ;
; Assembler                 ; 00:00:07     ; 1.0                     ; 4637 MB             ; 00:00:05                           ;
; TimeQuest Timing Analyzer ; 00:00:13     ; 1.0                     ; 4769 MB             ; 00:00:09                           ;
; Total                     ; 00:02:52     ; --                      ; --                  ; 00:02:06                           ;
+---------------------------+--------------+-------------------------+---------------------+------------------------------------+


+----------------------------------------------------------------------------------------+
; Flow OS Summary                                                                        ;
+---------------------------+------------------+-----------+------------+----------------+
; Module Name               ; Machine Hostname ; OS Name   ; OS Version ; Processor type ;
+---------------------------+------------------+-----------+------------+----------------+
; Analysis & Synthesis      ; DESKTOP-7CV30UR  ; Windows 7 ; 6.2        ; x86_64         ;
; Fitter                    ; DESKTOP-7CV30UR  ; Windows 7 ; 6.2        ; x86_64         ;
; Assembler                 ; DESKTOP-7CV30UR  ; Windows 7 ; 6.2        ; x86_64         ;
; TimeQuest Timing Analyzer ; DESKTOP-7CV30UR  ; Windows 7 ; 6.2        ; x86_64         ;
+---------------------------+------------------+-----------+------------+----------------+


------------
; Flow Log ;
------------
quartus_map --read_settings_files=on --write_settings_files=off PBL-SD-2 -c PBL-SD-2
quartus_fit --read_settings_files=off --write_settings_files=off PBL-SD-2 -c PBL-SD-2
quartus_asm --read_settings_files=off --write_settings_files=off PBL-SD-2 -c PBL-SD-2
quartus_sta PBL-SD-2 -c PBL-SD-2



